# JRE version: OpenJDK Runtime Environment Microsoft-8902769 (17.0.10+7) (build 17.0.10+7-LTS)
# Java VM: OpenJDK 64-Bit Server VM Microsoft-8902769 (17.0.10+7-LTS, mixed mode, sharing, tiered, compressed oops, compressed class ptrs, g1 gc, windows-amd64)
GC Precious Log:
 CPUs: 12 total, 12 available
 Memory: 7521M
 Large Page Support: Disabled
 NUMA Support: Disabled
 Compressed Oops: Enabled (Zero based)
 Heap Region Size: 2M
 Heap Min Capacity: 8M
 Heap Initial Capacity: 118M
 Heap Max Capacity: 4G
 Pre-touch: Disabled
 Parallel Workers: 10
 Concurrent Workers: 3
 Concurrent Refinement Workers: 10
 Periodic GC: Disabled
Heap:
 garbage-first heap   total 679936K, used 592129K [0x0000000700000000, 0x0000000800000000)
  region size 2048K, 12 young (24576K), 1 survivors (2048K)
 Metaspace       used 135592K, committed 138368K, reserved 983040K
  class space    used 18645K, committed 19840K, reserved 851968K
GC Heap History (20 events):
Event: 434.546 GC heap before
{Heap before GC invocations=90 (full 0):
 garbage-first heap   total 679936K, used 590304K [0x0000000700000000, 0x0000000800000000)
  region size 2048K, 23 young (47104K), 3 survivors (6144K)
 Metaspace       used 133529K, committed 136256K, reserved 983040K
  class space    used 18398K, committed 19584K, reserved 851968K
}
Event: 434.550 GC heap after
{Heap after GC invocations=91 (full 0):
 garbage-first heap   total 679936K, used 552539K [0x0000000700000000, 0x0000000800000000)
  region size 2048K, 2 young (4096K), 2 survivors (4096K)
 Metaspace       used 133529K, committed 136256K, reserved 983040K
  class space    used 18398K, committed 19584K, reserved 851968K
}
Event: 435.092 GC heap before
{Heap before GC invocations=91 (full 0):
 garbage-first heap   total 679936K, used 595547K [0x0000000700000000, 0x0000000800000000)
  region size 2048K, 24 young (49152K), 2 survivors (4096K)
 Metaspace       used 133542K, committed 136320K, reserved 983040K
  class space    used 18400K, committed 19584K, reserved 851968K
}
Event: 435.098 GC heap after
{Heap after GC invocations=92 (full 0):
 garbage-first heap   total 679936K, used 555806K [0x0000000700000000, 0x0000000800000000)
  region size 2048K, 3 young (6144K), 3 survivors (6144K)
 Metaspace       used 133542K, committed 136320K, reserved 983040K
  class space    used 18400K, committed 19584K, reserved 851968K
}
Event: 435.273 GC heap before
{Heap before GC invocations=92 (full 0):
 garbage-first heap   total 679936K, used 592670K [0x0000000700000000, 0x0000000800000000)
  region size 2048K, 22 young (45056K), 3 survivors (6144K)
 Metaspace       used 133544K, committed 136320K, reserved 983040K
  class space    used 18400K, committed 19584K, reserved 851968K
}
Event: 435.281 GC heap after
{Heap after GC invocations=93 (full 0):
 garbage-first heap   total 679936K, used 557722K [0x0000000700000000, 0x0000000800000000)
  region size 2048K, 3 young (6144K), 3 survivors (6144K)
 Metaspace       used 133544K, committed 136320K, reserved 983040K
  class space    used 18400K, committed 19584K, reserved 851968K
}
Event: 435.506 GC heap before
{Heap before GC invocations=93 (full 0):
 garbage-first heap   total 679936K, used 592538K [0x0000000700000000, 0x0000000800000000)
  region size 2048K, 21 young (43008K), 3 survivors (6144K)
 Metaspace       used 133544K, committed 136320K, reserved 983040K
  class space    used 18400K, committed 19584K, reserved 851968K
}
Event: 435.514 GC heap after
{Heap after GC invocations=94 (full 0):
 garbage-first heap   total 679936K, used 561665K [0x0000000700000000, 0x0000000800000000)
  region size 2048K, 3 young (6144K), 3 survivors (6144K)
 Metaspace       used 133544K, committed 136320K, reserved 983040K
  class space    used 18400K, committed 19584K, reserved 851968K
}
Event: 435.861 GC heap before
{Heap before GC invocations=94 (full 0):
 garbage-first heap   total 679936K, used 592385K [0x0000000700000000, 0x0000000800000000)
  region size 2048K, 19 young (38912K), 3 survivors (6144K)
 Metaspace       used 133551K, committed 136320K, reserved 983040K
  class space    used 18401K, committed 19584K, reserved 851968K
}
Event: 435.867 GC heap after
{Heap after GC invocations=95 (full 0):
 garbage-first heap   total 679936K, used 563928K [0x0000000700000000, 0x0000000800000000)
  region size 2048K, 3 young (6144K), 3 survivors (6144K)
 Metaspace       used 133551K, committed 136320K, reserved 983040K
  class space    used 18401K, committed 19584K, reserved 851968K
}
Event: 436.540 GC heap before
{Heap before GC invocations=95 (full 0):
 garbage-first heap   total 679936K, used 592600K [0x0000000700000000, 0x0000000800000000)
  region size 2048K, 18 young (36864K), 3 survivors (6144K)
 Metaspace       used 133568K, committed 136320K, reserved 983040K
  class space    used 18403K, committed 19584K, reserved 851968K
}
Event: 436.547 GC heap after
{Heap after GC invocations=96 (full 0):
 garbage-first heap   total 679936K, used 566215K [0x0000000700000000, 0x0000000800000000)
  region size 2048K, 3 young (6144K), 3 survivors (6144K)
 Metaspace       used 133568K, committed 136320K, reserved 983040K
  class space    used 18403K, committed 19584K, reserved 851968K
}
Event: 441.272 GC heap before
{Heap before GC invocations=96 (full 0):
 garbage-first heap   total 679936K, used 590791K [0x0000000700000000, 0x0000000800000000)
  region size 2048K, 16 young (32768K), 3 survivors (6144K)
 Metaspace       used 134798K, committed 137600K, reserved 983040K
  class space    used 18558K, committed 19776K, reserved 851968K
}
Event: 441.278 GC heap after
{Heap after GC invocations=97 (full 0):
 garbage-first heap   total 679936K, used 567623K [0x0000000700000000, 0x0000000800000000)
  region size 2048K, 2 young (4096K), 2 survivors (4096K)
 Metaspace       used 134798K, committed 137600K, reserved 983040K
  class space    used 18558K, committed 19776K, reserved 851968K
}
Event: 469.004 GC heap before
{Heap before GC invocations=97 (full 0):
 garbage-first heap   total 679936K, used 596295K [0x0000000700000000, 0x0000000800000000)
  region size 2048K, 16 young (32768K), 2 survivors (4096K)
 Metaspace       used 135512K, committed 138304K, reserved 983040K
  class space    used 18641K, committed 19840K, reserved 851968K
}
Event: 469.053 GC heap after
{Heap after GC invocations=98 (full 0):
 garbage-first heap   total 679936K, used 570204K [0x0000000700000000, 0x0000000800000000)
  region size 2048K, 2 young (4096K), 2 survivors (4096K)
 Metaspace       used 135512K, committed 138304K, reserved 983040K
  class space    used 18641K, committed 19840K, reserved 851968K
}
Event: 471.206 GC heap before
{Heap before GC invocations=98 (full 0):
 garbage-first heap   total 679936K, used 598876K [0x0000000700000000, 0x0000000800000000)
  region size 2048K, 16 young (32768K), 2 survivors (4096K)
 Metaspace       used 135537K, committed 138304K, reserved 983040K
  class space    used 18644K, committed 19840K, reserved 851968K
}
Event: 471.222 GC heap after
{Heap after GC invocations=99 (full 0):
 garbage-first heap   total 679936K, used 570817K [0x0000000700000000, 0x0000000800000000)
  region size 2048K, 1 young (2048K), 1 survivors (2048K)
 Metaspace       used 135537K, committed 138304K, reserved 983040K
  class space    used 18644K, committed 19840K, reserved 851968K
}
Event: 529.457 GC heap before
{Heap before GC invocations=99 (full 0):
 garbage-first heap   total 679936K, used 601537K [0x0000000700000000, 0x0000000800000000)
  region size 2048K, 16 young (32768K), 1 survivors (2048K)
 Metaspace       used 135557K, committed 138304K, reserved 983040K
  class space    used 18644K, committed 19840K, reserved 851968K
}
Event: 529.483 GC heap after
{Heap after GC invocations=100 (full 0):
 garbage-first heap   total 679936K, used 571649K [0x0000000700000000, 0x0000000800000000)
  region size 2048K, 1 young (2048K), 1 survivors (2048K)
 Metaspace       used 135557K, committed 138304K, reserved 983040K
  class space    used 18644K, committed 19840K, reserved 851968K
}

