# JRE version: OpenJDK Runtime Environment Microsoft-8902769 (17.0.10+7) (build 17.0.10+7-LTS)
# Java VM: OpenJDK 64-Bit Server VM Microsoft-8902769 (17.0.10+7-LTS, mixed mode, sharing, tiered, compressed oops, compressed class ptrs, g1 gc, windows-amd64)
GC Precious Log:
 CPUs: 12 total, 12 available
 Memory: 7521M
 Large Page Support: Disabled
 NUMA Support: Disabled
 Compressed Oops: Enabled (Zero based)
 Heap Region Size: 2M
 Heap Min Capacity: 8M
 Heap Initial Capacity: 118M
 Heap Max Capacity: 4G
 Pre-touch: Disabled
 Parallel Workers: 10
 Concurrent Workers: 3
 Concurrent Refinement Workers: 10
 Periodic GC: Disabled
Heap:
 garbage-first heap   total 122880K, used 82245K [0x0000000700000000, 0x0000000800000000)
  region size 2048K, 15 young (30720K), 3 survivors (6144K)
 Metaspace       used 65648K, committed 66368K, reserved 917504K
  class space    used 9264K, committed 9600K, reserved 851968K
GC Heap History (20 events):
Event: 20.518 GC heap before
{Heap before GC invocations=9 (full 0):
 garbage-first heap   total 137216K, used 60428K [0x0000000700000000, 0x0000000800000000)
  region size 2048K, 15 young (30720K), 2 survivors (4096K)
 Metaspace       used 35512K, committed 35968K, reserved 917504K
  class space    used 4925K, committed 5120K, reserved 851968K
}
Event: 20.525 GC heap after
{Heap after GC invocations=10 (full 0):
 garbage-first heap   total 137216K, used 32860K [0x0000000700000000, 0x0000000800000000)
  region size 2048K, 3 young (6144K), 3 survivors (6144K)
 Metaspace       used 35512K, committed 35968K, reserved 917504K
  class space    used 4925K, committed 5120K, reserved 851968K
}
Event: 22.586 GC heap before
{Heap before GC invocations=11 (full 0):
 garbage-first heap   total 122880K, used 98396K [0x0000000700000000, 0x0000000800000000)
  region size 2048K, 36 young (73728K), 3 survivors (6144K)
 Metaspace       used 40062K, committed 40576K, reserved 917504K
  class space    used 5520K, committed 5760K, reserved 851968K
}
Event: 22.590 GC heap after
{Heap after GC invocations=12 (full 0):
 garbage-first heap   total 122880K, used 35310K [0x0000000700000000, 0x0000000800000000)
  region size 2048K, 4 young (8192K), 4 survivors (8192K)
 Metaspace       used 40062K, committed 40576K, reserved 917504K
  class space    used 5520K, committed 5760K, reserved 851968K
}
Event: 22.631 GC heap before
{Heap before GC invocations=12 (full 0):
 garbage-first heap   total 122880K, used 37358K [0x0000000700000000, 0x0000000800000000)
  region size 2048K, 5 young (10240K), 4 survivors (8192K)
 Metaspace       used 40218K, committed 40768K, reserved 917504K
  class space    used 5547K, committed 5824K, reserved 851968K
}
Event: 22.636 GC heap after
{Heap after GC invocations=13 (full 0):
 garbage-first heap   total 122880K, used 35525K [0x0000000700000000, 0x0000000800000000)
  region size 2048K, 1 young (2048K), 1 survivors (2048K)
 Metaspace       used 40218K, committed 40768K, reserved 917504K
  class space    used 5547K, committed 5824K, reserved 851968K
}
Event: 27.620 GC heap before
{Heap before GC invocations=13 (full 0):
 garbage-first heap   total 122880K, used 94917K [0x0000000700000000, 0x0000000800000000)
  region size 2048K, 30 young (61440K), 1 survivors (2048K)
 Metaspace       used 45905K, committed 46400K, reserved 917504K
  class space    used 6432K, committed 6656K, reserved 851968K
}
Event: 27.739 GC heap after
{Heap after GC invocations=14 (full 0):
 garbage-first heap   total 122880K, used 37855K [0x0000000700000000, 0x0000000800000000)
  region size 2048K, 2 young (4096K), 2 survivors (4096K)
 Metaspace       used 45905K, committed 46400K, reserved 917504K
  class space    used 6432K, committed 6656K, reserved 851968K
}
Event: 30.969 GC heap before
{Heap before GC invocations=14 (full 0):
 garbage-first heap   total 122880K, used 95199K [0x0000000700000000, 0x0000000800000000)
  region size 2048K, 30 young (61440K), 2 survivors (4096K)
 Metaspace       used 52287K, committed 52800K, reserved 917504K
  class space    used 7391K, committed 7616K, reserved 851968K
}
Event: 30.974 GC heap after
{Heap after GC invocations=15 (full 0):
 garbage-first heap   total 122880K, used 40765K [0x0000000700000000, 0x0000000800000000)
  region size 2048K, 4 young (8192K), 4 survivors (8192K)
 Metaspace       used 52287K, committed 52800K, reserved 917504K
  class space    used 7391K, committed 7616K, reserved 851968K
}
Event: 33.147 GC heap before
{Heap before GC invocations=15 (full 0):
 garbage-first heap   total 122880K, used 104253K [0x0000000700000000, 0x0000000800000000)
  region size 2048K, 31 young (63488K), 4 survivors (8192K)
 Metaspace       used 54441K, committed 55104K, reserved 917504K
  class space    used 7641K, committed 7936K, reserved 851968K
}
Event: 33.157 GC heap after
{Heap after GC invocations=16 (full 0):
 garbage-first heap   total 122880K, used 54096K [0x0000000700000000, 0x0000000800000000)
  region size 2048K, 4 young (8192K), 4 survivors (8192K)
 Metaspace       used 54441K, committed 55104K, reserved 917504K
  class space    used 7641K, committed 7936K, reserved 851968K
}
Event: 34.271 GC heap before
{Heap before GC invocations=16 (full 0):
 garbage-first heap   total 122880K, used 95056K [0x0000000700000000, 0x0000000800000000)
  region size 2048K, 24 young (49152K), 4 survivors (8192K)
 Metaspace       used 58172K, committed 58816K, reserved 917504K
  class space    used 8159K, committed 8448K, reserved 851968K
}
Event: 34.279 GC heap after
{Heap after GC invocations=17 (full 0):
 garbage-first heap   total 122880K, used 56716K [0x0000000700000000, 0x0000000800000000)
  region size 2048K, 2 young (4096K), 2 survivors (4096K)
 Metaspace       used 58172K, committed 58816K, reserved 917504K
  class space    used 8159K, committed 8448K, reserved 851968K
}
Event: 34.676 GC heap before
{Heap before GC invocations=17 (full 0):
 garbage-first heap   total 122880K, used 77196K [0x0000000700000000, 0x0000000800000000)
  region size 2048K, 13 young (26624K), 2 survivors (4096K)
 Metaspace       used 59513K, committed 60160K, reserved 917504K
  class space    used 8328K, committed 8576K, reserved 851968K
}
Event: 34.688 GC heap after
{Heap after GC invocations=18 (full 0):
 garbage-first heap   total 122880K, used 56955K [0x0000000700000000, 0x0000000800000000)
  region size 2048K, 2 young (4096K), 2 survivors (4096K)
 Metaspace       used 59513K, committed 60160K, reserved 917504K
  class space    used 8328K, committed 8576K, reserved 851968K
}
Event: 36.780 GC heap before
{Heap before GC invocations=19 (full 0):
 garbage-first heap   total 122880K, used 97915K [0x0000000700000000, 0x0000000800000000)
  region size 2048K, 22 young (45056K), 2 survivors (4096K)
 Metaspace       used 62786K, committed 63552K, reserved 917504K
  class space    used 8868K, committed 9216K, reserved 851968K
}
Event: 36.784 GC heap after
{Heap after GC invocations=20 (full 0):
 garbage-first heap   total 122880K, used 58228K [0x0000000700000000, 0x0000000800000000)
  region size 2048K, 2 young (4096K), 2 survivors (4096K)
 Metaspace       used 62786K, committed 63552K, reserved 917504K
  class space    used 8868K, committed 9216K, reserved 851968K
}
Event: 38.915 GC heap before
{Heap before GC invocations=20 (full 0):
 garbage-first heap   total 122880K, used 101236K [0x0000000700000000, 0x0000000800000000)
  region size 2048K, 23 young (47104K), 2 survivors (4096K)
 Metaspace       used 64633K, committed 65344K, reserved 917504K
  class space    used 9142K, committed 9472K, reserved 851968K
}
Event: 38.920 GC heap after
{Heap after GC invocations=21 (full 0):
 garbage-first heap   total 122880K, used 61765K [0x0000000700000000, 0x0000000800000000)
  region size 2048K, 3 young (6144K), 3 survivors (6144K)
 Metaspace       used 64633K, committed 65344K, reserved 917504K
  class space    used 9142K, committed 9472K, reserved 851968K
}

