# JRE version: OpenJDK Runtime Environment Microsoft-8902769 (17.0.10+7) (build 17.0.10+7-LTS)
# Java VM: OpenJDK 64-Bit Server VM Microsoft-8902769 (17.0.10+7-LTS, mixed mode, sharing, tiered, compressed oops, compressed class ptrs, g1 gc, windows-amd64)
GC Precious Log:
 CPUs: 12 total, 12 available
 Memory: 7521M
 Large Page Support: Disabled
 NUMA Support: Disabled
 Compressed Oops: Enabled (Zero based)
 Heap Region Size: 2M
 Heap Min Capacity: 8M
 Heap Initial Capacity: 118M
 Heap Max Capacity: 4G
 Pre-touch: Disabled
 Parallel Workers: 10
 Concurrent Workers: 3
 Concurrent Refinement Workers: 10
 Periodic GC: Disabled
Heap:
 garbage-first heap   total 735232K, used 411881K [0x0000000700000000, 0x0000000800000000)
  region size 2048K, 15 young (30720K), 15 survivors (30720K)
 Metaspace       used 129126K, committed 131328K, reserved 983040K
  class space    used 17784K, committed 18752K, reserved 851968K
GC Heap History (20 events):
Event: 110.129 GC heap after
{Heap after GC invocations=56 (full 0):
 garbage-first heap   total 546816K, used 380143K [0x0000000700000000, 0x0000000800000000)
  region size 2048K, 7 young (14336K), 7 survivors (14336K)
 Metaspace       used 119274K, committed 121088K, reserved 983040K
  class space    used 16477K, committed 17280K, reserved 851968K
}
Event: 111.623 GC heap before
{Heap before GC invocations=56 (full 0):
 garbage-first heap   total 546816K, used 455919K [0x0000000700000000, 0x0000000800000000)
  region size 2048K, 44 young (90112K), 7 survivors (14336K)
 Metaspace       used 119684K, committed 121664K, reserved 983040K
  class space    used 16537K, committed 17408K, reserved 851968K
}
Event: 111.647 GC heap after
{Heap after GC invocations=57 (full 0):
 garbage-first heap   total 546816K, used 395206K [0x0000000700000000, 0x0000000800000000)
  region size 2048K, 6 young (12288K), 6 survivors (12288K)
 Metaspace       used 119684K, committed 121664K, reserved 983040K
  class space    used 16537K, committed 17408K, reserved 851968K
}
Event: 113.094 GC heap before
{Heap before GC invocations=57 (full 0):
 garbage-first heap   total 546816K, used 460742K [0x0000000700000000, 0x0000000800000000)
  region size 2048K, 38 young (77824K), 6 survivors (12288K)
 Metaspace       used 120804K, committed 122816K, reserved 983040K
  class space    used 16706K, committed 17600K, reserved 851968K
}
Event: 113.125 GC heap after
{Heap after GC invocations=58 (full 0):
 garbage-first heap   total 546816K, used 406805K [0x0000000700000000, 0x0000000800000000)
  region size 2048K, 5 young (10240K), 5 survivors (10240K)
 Metaspace       used 120804K, committed 122816K, reserved 983040K
  class space    used 16706K, committed 17600K, reserved 851968K
}
Event: 113.623 GC heap before
{Heap before GC invocations=58 (full 0):
 garbage-first heap   total 546816K, used 431381K [0x0000000700000000, 0x0000000800000000)
  region size 2048K, 18 young (36864K), 5 survivors (10240K)
 Metaspace       used 122873K, committed 124928K, reserved 983040K
  class space    used 17029K, committed 17984K, reserved 851968K
}
Event: 113.640 GC heap after
{Heap after GC invocations=59 (full 0):
 garbage-first heap   total 657408K, used 409231K [0x0000000700000000, 0x0000000800000000)
  region size 2048K, 2 young (4096K), 2 survivors (4096K)
 Metaspace       used 122873K, committed 124928K, reserved 983040K
  class space    used 17029K, committed 17984K, reserved 851968K
}
Event: 116.419 GC heap before
{Heap before GC invocations=60 (full 0):
 garbage-first heap   total 735232K, used 534159K [0x0000000700000000, 0x0000000800000000)
  region size 2048K, 63 young (129024K), 2 survivors (4096K)
 Metaspace       used 125290K, committed 127424K, reserved 983040K
  class space    used 17363K, committed 18304K, reserved 851968K
}
Event: 116.468 GC heap after
{Heap after GC invocations=61 (full 0):
 garbage-first heap   total 735232K, used 432515K [0x0000000700000000, 0x0000000800000000)
  region size 2048K, 8 young (16384K), 8 survivors (16384K)
 Metaspace       used 125290K, committed 127424K, reserved 983040K
  class space    used 17363K, committed 18304K, reserved 851968K
}
Event: 116.701 GC heap before
{Heap before GC invocations=61 (full 0):
 garbage-first heap   total 735232K, used 450947K [0x0000000700000000, 0x0000000800000000)
  region size 2048K, 17 young (34816K), 8 survivors (16384K)
 Metaspace       used 125374K, committed 127616K, reserved 983040K
  class space    used 17369K, committed 18368K, reserved 851968K
}
Event: 116.737 GC heap after
{Heap after GC invocations=62 (full 0):
 garbage-first heap   total 735232K, used 379332K [0x0000000700000000, 0x0000000800000000)
  region size 2048K, 2 young (4096K), 2 survivors (4096K)
 Metaspace       used 125374K, committed 127616K, reserved 983040K
  class space    used 17369K, committed 18368K, reserved 851968K
}
Event: 116.996 GC heap before
{Heap before GC invocations=62 (full 0):
 garbage-first heap   total 735232K, used 410052K [0x0000000700000000, 0x0000000800000000)
  region size 2048K, 17 young (34816K), 2 survivors (4096K)
 Metaspace       used 125417K, committed 127616K, reserved 983040K
  class space    used 17370K, committed 18368K, reserved 851968K
}
Event: 117.057 GC heap after
{Heap after GC invocations=63 (full 0):
 garbage-first heap   total 735232K, used 352346K [0x0000000700000000, 0x0000000800000000)
  region size 2048K, 3 young (6144K), 3 survivors (6144K)
 Metaspace       used 125417K, committed 127616K, reserved 983040K
  class space    used 17370K, committed 18368K, reserved 851968K
}
Event: 121.256 GC heap before
{Heap before GC invocations=63 (full 0):
 garbage-first heap   total 735232K, used 577626K [0x0000000700000000, 0x0000000800000000)
  region size 2048K, 114 young (233472K), 3 survivors (6144K)
 Metaspace       used 126744K, committed 129024K, reserved 983040K
  class space    used 17599K, committed 18624K, reserved 851968K
}
Event: 121.288 GC heap after
{Heap after GC invocations=64 (full 0):
 garbage-first heap   total 735232K, used 370767K [0x0000000700000000, 0x0000000800000000)
  region size 2048K, 12 young (24576K), 12 survivors (24576K)
 Metaspace       used 126744K, committed 129024K, reserved 983040K
  class space    used 17599K, committed 18624K, reserved 851968K
}
Event: 122.841 GC heap before
{Heap before GC invocations=65 (full 0):
 garbage-first heap   total 735232K, used 585807K [0x0000000700000000, 0x0000000800000000)
  region size 2048K, 118 young (241664K), 12 survivors (24576K)
 Metaspace       used 126748K, committed 129024K, reserved 983040K
  class space    used 17600K, committed 18624K, reserved 851968K
}
Event: 122.880 GC heap after
{Heap after GC invocations=66 (full 0):
 garbage-first heap   total 735232K, used 376130K [0x0000000700000000, 0x0000000800000000)
  region size 2048K, 5 young (10240K), 5 survivors (10240K)
 Metaspace       used 126748K, committed 129024K, reserved 983040K
  class space    used 17600K, committed 18624K, reserved 851968K
}
Event: 123.419 GC heap before
{Heap before GC invocations=66 (full 0):
 garbage-first heap   total 735232K, used 398658K [0x0000000700000000, 0x0000000800000000)
  region size 2048K, 17 young (34816K), 5 survivors (10240K)
 Metaspace       used 127362K, committed 129664K, reserved 983040K
  class space    used 17672K, committed 18688K, reserved 851968K
}
Event: 123.454 GC heap after
{Heap after GC invocations=67 (full 0):
 garbage-first heap   total 735232K, used 370181K [0x0000000700000000, 0x0000000800000000)
  region size 2048K, 2 young (4096K), 2 survivors (4096K)
 Metaspace       used 127362K, committed 129664K, reserved 983040K
  class space    used 17672K, committed 18688K, reserved 851968K
}
Event: 130.448 GC heap before
{Heap before GC invocations=67 (full 0):
 garbage-first heap   total 735232K, used 607749K [0x0000000700000000, 0x0000000800000000)
  region size 2048K, 113 young (231424K), 2 survivors (4096K)
 Metaspace       used 129126K, committed 131328K, reserved 983040K
  class space    used 17784K, committed 18752K, reserved 851968K
}

