# JRE version: OpenJDK Runtime Environment Microsoft-8902769 (17.0.10+7) (build 17.0.10+7-LTS)
# Java VM: OpenJDK 64-Bit Server VM Microsoft-8902769 (17.0.10+7-LTS, mixed mode, sharing, tiered, compressed oops, compressed class ptrs, g1 gc, windows-amd64)
GC Precious Log:
 CPUs: 12 total, 12 available
 Memory: 7521M
 Large Page Support: Disabled
 NUMA Support: Disabled
 Compressed Oops: Enabled (Zero based)
 Heap Region Size: 2M
 Heap Min Capacity: 8M
 Heap Initial Capacity: 118M
 Heap Max Capacity: 4G
 Pre-touch: Disabled
 Parallel Workers: 10
 Concurrent Workers: 3
 Concurrent Refinement Workers: 10
 Periodic GC: Disabled
Heap:
 garbage-first heap   total 473088K, used 377027K [0x0000000700000000, 0x0000000800000000)
  region size 2048K, 35 young (71680K), 3 survivors (6144K)
 Metaspace       used 115756K, committed 117440K, reserved 983040K
  class space    used 16154K, committed 16896K, reserved 851968K
GC Heap History (20 events):
Event: 30.783 GC heap before
{Heap before GC invocations=58 (full 0):
 garbage-first heap   total 393216K, used 317913K [0x0000000700000000, 0x0000000800000000)
  region size 2048K, 54 young (110592K), 8 survivors (16384K)
 Metaspace       used 107342K, committed 108864K, reserved 983040K
  class space    used 14975K, committed 15616K, reserved 851968K
}
Event: 30.794 GC heap after
{Heap after GC invocations=59 (full 0):
 garbage-first heap   total 393216K, used 235261K [0x0000000700000000, 0x0000000800000000)
  region size 2048K, 6 young (12288K), 6 survivors (12288K)
 Metaspace       used 107342K, committed 108864K, reserved 983040K
  class space    used 14975K, committed 15616K, reserved 851968K
}
Event: 30.938 GC heap before
{Heap before GC invocations=59 (full 0):
 garbage-first heap   total 393216K, used 319229K [0x0000000700000000, 0x0000000800000000)
  region size 2048K, 48 young (98304K), 6 survivors (12288K)
 Metaspace       used 107361K, committed 108864K, reserved 983040K
  class space    used 14978K, committed 15616K, reserved 851968K
}
Event: 30.944 GC heap after
{Heap after GC invocations=60 (full 0):
 garbage-first heap   total 393216K, used 238244K [0x0000000700000000, 0x0000000800000000)
  region size 2048K, 3 young (6144K), 3 survivors (6144K)
 Metaspace       used 107361K, committed 108864K, reserved 983040K
  class space    used 14978K, committed 15616K, reserved 851968K
}
Event: 31.553 GC heap before
{Heap before GC invocations=60 (full 0):
 garbage-first heap   total 393216K, used 322212K [0x0000000700000000, 0x0000000800000000)
  region size 2048K, 45 young (92160K), 3 survivors (6144K)
 Metaspace       used 107619K, committed 109120K, reserved 983040K
  class space    used 15007K, committed 15680K, reserved 851968K
}
Event: 31.562 GC heap after
{Heap after GC invocations=61 (full 0):
 garbage-first heap   total 473088K, used 250695K [0x0000000700000000, 0x0000000800000000)
  region size 2048K, 6 young (12288K), 6 survivors (12288K)
 Metaspace       used 107619K, committed 109120K, reserved 983040K
  class space    used 15007K, committed 15680K, reserved 851968K
}
Event: 31.882 GC heap before
{Heap before GC invocations=61 (full 0):
 garbage-first heap   total 473088K, used 369479K [0x0000000700000000, 0x0000000800000000)
  region size 2048K, 65 young (133120K), 6 survivors (12288K)
 Metaspace       used 107620K, committed 109120K, reserved 983040K
  class space    used 15007K, committed 15680K, reserved 851968K
}
Event: 31.890 GC heap after
{Heap after GC invocations=62 (full 0):
 garbage-first heap   total 473088K, used 254197K [0x0000000700000000, 0x0000000800000000)
  region size 2048K, 4 young (8192K), 4 survivors (8192K)
 Metaspace       used 107620K, committed 109120K, reserved 983040K
  class space    used 15007K, committed 15680K, reserved 851968K
}
Event: 33.236 GC heap before
{Heap before GC invocations=62 (full 0):
 garbage-first heap   total 473088K, used 375029K [0x0000000700000000, 0x0000000800000000)
  region size 2048K, 64 young (131072K), 4 survivors (8192K)
 Metaspace       used 109906K, committed 111552K, reserved 983040K
  class space    used 15321K, committed 16064K, reserved 851968K
}
Event: 33.246 GC heap after
{Heap after GC invocations=63 (full 0):
 garbage-first heap   total 473088K, used 267860K [0x0000000700000000, 0x0000000800000000)
  region size 2048K, 8 young (16384K), 8 survivors (16384K)
 Metaspace       used 109906K, committed 111552K, reserved 983040K
  class space    used 15321K, committed 16064K, reserved 851968K
}
Event: 34.439 GC heap before
{Heap before GC invocations=63 (full 0):
 garbage-first heap   total 473088K, used 380500K [0x0000000700000000, 0x0000000800000000)
  region size 2048K, 63 young (129024K), 8 survivors (16384K)
 Metaspace       used 115135K, committed 116736K, reserved 983040K
  class space    used 16084K, committed 16768K, reserved 851968K
}
Event: 34.452 GC heap after
{Heap after GC invocations=64 (full 0):
 garbage-first heap   total 473088K, used 276255K [0x0000000700000000, 0x0000000800000000)
  region size 2048K, 5 young (10240K), 5 survivors (10240K)
 Metaspace       used 115135K, committed 116736K, reserved 983040K
  class space    used 16084K, committed 16768K, reserved 851968K
}
Event: 35.343 GC heap before
{Heap before GC invocations=64 (full 0):
 garbage-first heap   total 473088K, used 382751K [0x0000000700000000, 0x0000000800000000)
  region size 2048K, 58 young (118784K), 5 survivors (10240K)
 Metaspace       used 115270K, committed 116928K, reserved 983040K
  class space    used 16098K, committed 16832K, reserved 851968K
}
Event: 35.361 GC heap after
{Heap after GC invocations=65 (full 0):
 garbage-first heap   total 473088K, used 295764K [0x0000000700000000, 0x0000000800000000)
  region size 2048K, 8 young (16384K), 8 survivors (16384K)
 Metaspace       used 115270K, committed 116928K, reserved 983040K
  class space    used 16098K, committed 16832K, reserved 851968K
}
Event: 35.534 GC heap before
{Heap before GC invocations=65 (full 0):
 garbage-first heap   total 473088K, used 383828K [0x0000000700000000, 0x0000000800000000)
  region size 2048K, 52 young (106496K), 8 survivors (16384K)
 Metaspace       used 115270K, committed 116928K, reserved 983040K
  class space    used 16098K, committed 16832K, reserved 851968K
}
Event: 35.547 GC heap after
{Heap after GC invocations=66 (full 0):
 garbage-first heap   total 473088K, used 302890K [0x0000000700000000, 0x0000000800000000)
  region size 2048K, 4 young (8192K), 4 survivors (8192K)
 Metaspace       used 115270K, committed 116928K, reserved 983040K
  class space    used 16098K, committed 16832K, reserved 851968K
}
Event: 36.091 GC heap before
{Heap before GC invocations=66 (full 0):
 garbage-first heap   total 473088K, used 386858K [0x0000000700000000, 0x0000000800000000)
  region size 2048K, 46 young (94208K), 4 survivors (8192K)
 Metaspace       used 115461K, committed 117056K, reserved 983040K
  class space    used 16123K, committed 16832K, reserved 851968K
}
Event: 36.100 GC heap after
{Heap after GC invocations=67 (full 0):
 garbage-first heap   total 473088K, used 312172K [0x0000000700000000, 0x0000000800000000)
  region size 2048K, 6 young (12288K), 6 survivors (12288K)
 Metaspace       used 115461K, committed 117056K, reserved 983040K
  class space    used 16123K, committed 16832K, reserved 851968K
}
Event: 36.248 GC heap before
{Heap before GC invocations=67 (full 0):
 garbage-first heap   total 473088K, used 387948K [0x0000000700000000, 0x0000000800000000)
  region size 2048K, 44 young (90112K), 6 survivors (12288K)
 Metaspace       used 115475K, committed 117120K, reserved 983040K
  class space    used 16124K, committed 16832K, reserved 851968K
}
Event: 36.255 GC heap after
{Heap after GC invocations=68 (full 0):
 garbage-first heap   total 473088K, used 315587K [0x0000000700000000, 0x0000000800000000)
  region size 2048K, 3 young (6144K), 3 survivors (6144K)
 Metaspace       used 115475K, committed 117120K, reserved 983040K
  class space    used 16124K, committed 16832K, reserved 851968K
}

