# JRE version: OpenJDK Runtime Environment Microsoft-8902769 (17.0.10+7) (build 17.0.10+7-LTS)
# Java VM: OpenJDK 64-Bit Server VM Microsoft-8902769 (17.0.10+7-LTS, mixed mode, sharing, tiered, compressed oops, compressed class ptrs, g1 gc, windows-amd64)
GC Precious Log:
 CPUs: 12 total, 12 available
 Memory: 7521M
 Large Page Support: Disabled
 NUMA Support: Disabled
 Compressed Oops: Enabled (32-bit)
 Heap Region Size: 1M
 Heap Min Capacity: 8M
 Heap Initial Capacity: 118M
 Heap Max Capacity: 2G
 Pre-touch: Disabled
 Parallel Workers: 10
 Concurrent Workers: 3
 Concurrent Refinement Workers: 10
 Periodic GC: Disabled
Heap:
 garbage-first heap   total 125952K, used 83535K [0x0000000080000000, 0x0000000100000000)
  region size 1024K, 27 young (27648K), 4 survivors (4096K)
 Metaspace       used 65617K, committed 66304K, reserved 491520K
  class space    used 9269K, committed 9600K, reserved 425984K
GC Heap History (20 events):
Event: 8.172 GC heap before
{Heap before GC invocations=12 (full 0):
 garbage-first heap   total 103424K, used 79260K [0x0000000080000000, 0x0000000100000000)
  region size 1024K, 48 young (49152K), 3 survivors (3072K)
 Metaspace       used 42660K, committed 43136K, reserved 491520K
  class space    used 5924K, committed 6144K, reserved 425984K
}
Event: 8.176 GC heap after
{Heap after GC invocations=13 (full 0):
 garbage-first heap   total 103424K, used 35791K [0x0000000080000000, 0x0000000100000000)
  region size 1024K, 6 young (6144K), 6 survivors (6144K)
 Metaspace       used 42660K, committed 43136K, reserved 491520K
  class space    used 5924K, committed 6144K, reserved 425984K
}
Event: 8.865 GC heap before
{Heap before GC invocations=13 (full 0):
 garbage-first heap   total 103424K, used 80847K [0x0000000080000000, 0x0000000100000000)
  region size 1024K, 50 young (51200K), 6 survivors (6144K)
 Metaspace       used 47137K, committed 47744K, reserved 491520K
  class space    used 6596K, committed 6912K, reserved 425984K
}
Event: 8.869 GC heap after
{Heap after GC invocations=14 (full 0):
 garbage-first heap   total 103424K, used 38824K [0x0000000080000000, 0x0000000100000000)
  region size 1024K, 7 young (7168K), 7 survivors (7168K)
 Metaspace       used 47137K, committed 47744K, reserved 491520K
  class space    used 6596K, committed 6912K, reserved 425984K
}
Event: 9.483 GC heap before
{Heap before GC invocations=14 (full 0):
 garbage-first heap   total 103424K, used 79784K [0x0000000080000000, 0x0000000100000000)
  region size 1024K, 47 young (48128K), 7 survivors (7168K)
 Metaspace       used 51593K, committed 52160K, reserved 491520K
  class space    used 7283K, committed 7552K, reserved 425984K
}
Event: 9.488 GC heap after
{Heap after GC invocations=15 (full 0):
 garbage-first heap   total 103424K, used 41377K [0x0000000080000000, 0x0000000100000000)
  region size 1024K, 6 young (6144K), 6 survivors (6144K)
 Metaspace       used 51593K, committed 52160K, reserved 491520K
  class space    used 7283K, committed 7552K, reserved 425984K
}
Event: 10.157 GC heap before
{Heap before GC invocations=15 (full 0):
 garbage-first heap   total 103424K, used 82337K [0x0000000080000000, 0x0000000100000000)
  region size 1024K, 46 young (47104K), 6 survivors (6144K)
 Metaspace       used 53411K, committed 54016K, reserved 491520K
  class space    used 7512K, committed 7808K, reserved 425984K
}
Event: 10.162 GC heap after
{Heap after GC invocations=16 (full 0):
 garbage-first heap   total 103424K, used 44425K [0x0000000080000000, 0x0000000100000000)
  region size 1024K, 6 young (6144K), 6 survivors (6144K)
 Metaspace       used 53411K, committed 54016K, reserved 491520K
  class space    used 7512K, committed 7808K, reserved 425984K
}
Event: 10.749 GC heap before
{Heap before GC invocations=16 (full 0):
 garbage-first heap   total 103424K, used 86409K [0x0000000080000000, 0x0000000100000000)
  region size 1024K, 41 young (41984K), 6 survivors (6144K)
 Metaspace       used 55415K, committed 56064K, reserved 491520K
  class space    used 7774K, committed 8064K, reserved 425984K
}
Event: 10.754 GC heap after
{Heap after GC invocations=17 (full 0):
 garbage-first heap   total 103424K, used 54066K [0x0000000080000000, 0x0000000100000000)
  region size 1024K, 5 young (5120K), 5 survivors (5120K)
 Metaspace       used 55415K, committed 56064K, reserved 491520K
  class space    used 7774K, committed 8064K, reserved 425984K
}
Event: 11.086 GC heap before
{Heap before GC invocations=17 (full 0):
 garbage-first heap   total 103424K, used 80690K [0x0000000080000000, 0x0000000100000000)
  region size 1024K, 31 young (31744K), 5 survivors (5120K)
 Metaspace       used 58012K, committed 58624K, reserved 491520K
  class space    used 8145K, committed 8448K, reserved 425984K
}
Event: 11.090 GC heap after
{Heap after GC invocations=18 (full 0):
 garbage-first heap   total 103424K, used 55473K [0x0000000080000000, 0x0000000100000000)
  region size 1024K, 2 young (2048K), 2 survivors (2048K)
 Metaspace       used 58012K, committed 58624K, reserved 491520K
  class space    used 8145K, committed 8448K, reserved 425984K
}
Event: 11.345 GC heap before
{Heap before GC invocations=19 (full 0):
 garbage-first heap   total 103424K, used 82097K [0x0000000080000000, 0x0000000100000000)
  region size 1024K, 28 young (28672K), 2 survivors (2048K)
 Metaspace       used 59710K, committed 60352K, reserved 491520K
  class space    used 8362K, committed 8704K, reserved 425984K
}
Event: 11.347 GC heap after
{Heap after GC invocations=20 (full 0):
 garbage-first heap   total 103424K, used 56173K [0x0000000080000000, 0x0000000100000000)
  region size 1024K, 3 young (3072K), 3 survivors (3072K)
 Metaspace       used 59710K, committed 60352K, reserved 491520K
  class space    used 8362K, committed 8704K, reserved 425984K
}
Event: 11.708 GC heap before
{Heap before GC invocations=20 (full 0):
 garbage-first heap   total 103424K, used 81773K [0x0000000080000000, 0x0000000100000000)
  region size 1024K, 29 young (29696K), 3 survivors (3072K)
 Metaspace       used 62223K, committed 62848K, reserved 491520K
  class space    used 8782K, committed 9088K, reserved 425984K
}
Event: 11.712 GC heap after
{Heap after GC invocations=21 (full 0):
 garbage-first heap   total 103424K, used 57136K [0x0000000080000000, 0x0000000100000000)
  region size 1024K, 3 young (3072K), 3 survivors (3072K)
 Metaspace       used 62223K, committed 62848K, reserved 491520K
  class space    used 8782K, committed 9088K, reserved 425984K
}
Event: 12.055 GC heap before
{Heap before GC invocations=22 (full 0):
 garbage-first heap   total 104448K, used 82736K [0x0000000080000000, 0x0000000100000000)
  region size 1024K, 29 young (29696K), 3 survivors (3072K)
 Metaspace       used 63699K, committed 64320K, reserved 491520K
  class space    used 8997K, committed 9280K, reserved 425984K
}
Event: 12.058 GC heap after
{Heap after GC invocations=23 (full 0):
 garbage-first heap   total 104448K, used 57849K [0x0000000080000000, 0x0000000100000000)
  region size 1024K, 3 young (3072K), 3 survivors (3072K)
 Metaspace       used 63699K, committed 64320K, reserved 491520K
  class space    used 8997K, committed 9280K, reserved 425984K
}
Event: 12.434 GC heap before
{Heap before GC invocations=23 (full 0):
 garbage-first heap   total 104448K, used 85497K [0x0000000080000000, 0x0000000100000000)
  region size 1024K, 30 young (30720K), 3 survivors (3072K)
 Metaspace       used 64614K, committed 65280K, reserved 491520K
  class space    used 9147K, committed 9408K, reserved 425984K
}
Event: 12.438 GC heap after
{Heap after GC invocations=24 (full 0):
 garbage-first heap   total 125952K, used 61007K [0x0000000080000000, 0x0000000100000000)
  region size 1024K, 4 young (4096K), 4 survivors (4096K)
 Metaspace       used 64614K, committed 65280K, reserved 491520K
  class space    used 9147K, committed 9408K, reserved 425984K
}

